Arguments: 
  /Users/mlingolu/.nvm/versions/v6.3.0/bin/node /usr/local/bin/yarn add @angular/platfor-browser-dynamic

PATH: 
  /Users/mlingolu/.nvm/versions/v6.3.0/bin:/Library/Frameworks/Python.framework/Versions/3.5/bin:/usr/local/bin:/usr/bin:/bin:/usr/sbin:/sbin

Yarn version: 
  0.19.1

Node version: 
  6.3.0

Platform: 
  darwin x64

npm manifest: 
  {
    "name": "chtralahari",
    "version": "1.0.0",
    "description": "songs",
    "main": "main.js",
    "scripts": {
      "test": "echo \"Error: no test specified\" && exit 1"
    },
    "author": "lmssrinivas",
    "license": "ISC",
    "dependencies": {
      "@angular/common": "^2.4.4",
      "@angular/compiler": "^2.4.4",
      "@angular/core": "^2.4.4",
      "@angular/forms": "^2.4.4",
      "@angular/http": "^2.4.4",
      "@angular/material": "^2.0.0-beta.1",
      "@angular/platform-browser": "^2.4.4",
      "@angular/router": "^3.4.4",
      "rxjs": "^5.0.3",
      "zone.js": "^0.7.6"
    },
    "repository": {}
  }

yarn manifest: 
  No manifest

Lockfile: 
  # THIS IS AN AUTOGENERATED FILE. DO NOT EDIT THIS FILE DIRECTLY.
  # yarn lockfile v1
  
  
  "@angular/common@^2.4.4":
    version "2.4.5"
    resolved "https://registry.yarnpkg.com/@angular/common/-/common-2.4.5.tgz#ada1a22b7ba01d1fdeb300115584478e031e9a4f"
  
  "@angular/compiler@^2.4.4":
    version "2.4.5"
    resolved "https://registry.yarnpkg.com/@angular/compiler/-/compiler-2.4.5.tgz#521da325e2e002398e8f9de52cfb03d303729e72"
  
  "@angular/core@^2.4.4":
    version "2.4.5"
    resolved "https://registry.yarnpkg.com/@angular/core/-/core-2.4.5.tgz#8b05156398afde9636e65527ffb61fc74236af5a"
  
  "@angular/forms@^2.4.4":
    version "2.4.5"
    resolved "https://registry.yarnpkg.com/@angular/forms/-/forms-2.4.5.tgz#468bd040518595c3598742ac1a22c506a7f1ab0f"
  
  "@angular/http@^2.4.4":
    version "2.4.5"
    resolved "https://registry.yarnpkg.com/@angular/http/-/http-2.4.5.tgz#de94b2daa4ff24e8b6c8839ffaf8089b62d4430b"
  
  "@angular/material@^2.0.0-beta.1":
    version "2.0.0-beta.1"
    resolved "https://registry.yarnpkg.com/@angular/material/-/material-2.0.0-beta.1.tgz#106a0b79fb2b48a7606a0682c4e5d0bbe03364a0"
  
  "@angular/platform-browser@^2.4.4":
    version "2.4.5"
    resolved "https://registry.yarnpkg.com/@angular/platform-browser/-/platform-browser-2.4.5.tgz#fa1bc891b1309bca83845787b9a08db36a787fee"
  
  "@angular/router@^3.4.4":
    version "3.4.5"
    resolved "https://registry.yarnpkg.com/@angular/router/-/router-3.4.5.tgz#5a471a4e49a7eba6a460761129c0684a4b730a1a"
  
  rxjs@^5.0.3:
    version "5.0.3"
    resolved "https://registry.yarnpkg.com/rxjs/-/rxjs-5.0.3.tgz#fc8bdf464ebf938812748e4196788f392fef9754"
    dependencies:
      symbol-observable "^1.0.1"
  
  symbol-observable@^1.0.1:
    version "1.0.4"
    resolved "https://registry.yarnpkg.com/symbol-observable/-/symbol-observable-1.0.4.tgz#29bf615d4aa7121bdd898b22d4b3f9bc4e2aa03d"
  
  zone.js@^0.7.6:
    version "0.7.6"
    resolved "https://registry.yarnpkg.com/zone.js/-/zone.js-0.7.6.tgz#fbbc39d3e0261d0986f1ba06306eb3aeb0d22009"

Trace: 
  Error: https://registry.npmjs.org/@angular%2fplatfor-browser-dynamic: Not found
      at Request.params.callback [as _callback] (/usr/local/Cellar/yarn/0.19.1/libexec/lib/node_modules/yarn/lib/util/request-manager.js:313:18)
      at Request.self.callback (/usr/local/Cellar/yarn/0.19.1/libexec/lib/node_modules/yarn/node_modules/request/request.js:186:22)
      at emitTwo (events.js:106:13)
      at Request.emit (events.js:191:7)
      at Request.<anonymous> (/usr/local/Cellar/yarn/0.19.1/libexec/lib/node_modules/yarn/node_modules/request/request.js:1081:10)
      at emitOne (events.js:96:13)
      at Request.emit (events.js:188:7)
      at IncomingMessage.<anonymous> (/usr/local/Cellar/yarn/0.19.1/libexec/lib/node_modules/yarn/node_modules/request/request.js:1001:12)
      at IncomingMessage.g (events.js:286:16)
      at emitNone (events.js:91:20)
